<?xml version="1.0" encoding="UTF-8"?>
<testsuite name="AppTest" tests="1" skipped="0" failures="0" errors="0" timestamp="2017-08-16T17:23:11" hostname="collins-Lenovo-Flex-2-14" time="0.005">
  <properties/>
  <testcase name="testAppHasAGreeting" classname="AppTest" time="0.005"/>
  <system-out><![CDATA[]]></system-out>
  <system-err><![CDATA[]]></system-err>
</testsuite>
